#
# A fatal error has been detected by the Java Runtime Environment:
#
#  EXCEPTION_ACCESS_VIOLATION (0xc0000005) at pc=0x00007ffbf454ae25, pid=16428, tid=13068
#
# JRE version: Java(TM) SE Runtime Environment (10.0.2+13) (build 10.0.2+13)
# Java VM: Java HotSpot(TM) 64-Bit Server VM (10.0.2+13, mixed mode, tiered, compressed oops, g1 gc, windows-amd64)
# Problematic frame:
# C  [opencv_java343.dll+0x163ae25]
#
# No core dump will be written. Minidumps are not enabled by default on client versions of Windows
#
# If you would like to submit a bug report, please visit:
#   http://bugreport.java.com/bugreport/crash.jsp
# The crash happened outside the Java Virtual Machine in native code.
# See problematic frame for where to report the bug.
#

---------------  S U M M A R Y ------------

Command Line: -Djava.library.path=C:\opencv\build\java\x64 -Dfile.encoding=Cp1252 application.Main

Host: Intel(R) Core(TM) i7-7700HQ CPU @ 2.80GHz, 8 cores, 15G,  Windows 10 , 64 bit Build 17134 (10.0.17134.1)
Time: Fri Oct 26 14:08:51 2018 Central Daylight Time elapsed time: 5 seconds (0d 0h 0m 5s)

---------------  T H R E A D  ---------------

Current thread (0x000001da8f0d3800):  JavaThread "Finalizer" daemon [_thread_in_native, id=13068, stack(0x0000005dc2200000,0x0000005dc2300000)]

Stack: [0x0000005dc2200000,0x0000005dc2300000],  sp=0x0000005dc22ff1b8,  free space=1020k
Native frames: (J=compiled Java code, j=interpreted, Vv=VM code, C=native code)
C  [opencv_java343.dll+0x163ae25]

Java frames: (J=compiled Java code, j=interpreted, Vv=VM code)
j  org.opencv.videoio.VideoCapture.delete(J)V+0
j  org.opencv.videoio.VideoCapture.finalize()V+4
j  java.lang.System$2.invokeFinalize(Ljava/lang/Object;)V+1 java.base@10.0.2
j  java.lang.ref.Finalizer.runFinalizer(Ljdk/internal/misc/JavaLangAccess;)V+46 java.base@10.0.2
j  java.lang.ref.Finalizer.access$100(Ljava/lang/ref/Finalizer;Ljdk/internal/misc/JavaLangAccess;)V+2 java.base@10.0.2
j  java.lang.ref.Finalizer$FinalizerThread.run()V+46 java.base@10.0.2
v  ~StubRoutines::call_stub

siginfo: EXCEPTION_ACCESS_VIOLATION (0xc0000005), reading address 0x0000027439971f90


Register to memory mapping:

RIP=0x00007ffbf454ae25 opencv_java343.dll
RAX=0x00007ffbf454ae20 opencv_java343.dll
RBX={method} {0x000001da9c41ac20} 'delete' '(J)V' in 'org/opencv/videoio/VideoCapture'
RCX=0x000001da8f0d3a70 is an unknown value
RDX=0x0000005dc22ff250 is pointing into the stack for thread: 0x000001da8f0d3800
RSP=0x0000005dc22ff1b8 is pointing into the stack for thread: 0x000001da8f0d3800
RBP=0x0000005dc22ff240 is pointing into the stack for thread: 0x000001da8f0d3800
RSI=0x000001da9c3e9410 is pointing into metadata
RDI=0x000001da80009e80 is at code_begin+1664 in an Interpreter codelet
invoke return entry points  [0x000001da80009800, 0x000001da8000a1e0]  2528 bytes
R8 =0x0000027439971f90 is an unknown value
R9 =0x000001da8f0cad80 is an unknown value
R10=0x000001da8000f2e8 is at code_begin+1000 in an Interpreter codelet
method entry point (kind = native)  [0x000001da8000ef00, 0x000001da8000fa60]  2912 bytes
R11=0x00000006d1724450 is an oop
java.lang.Class 
{0x00000006d1724450} - klass: 'java/lang/Class'
R12=0x0000000000000000 is an unknown value
R13={method} {0x000001da9c41ac20} 'delete' '(J)V' in 'org/opencv/videoio/VideoCapture'
R14=0x0000005dc22ff268 is pointing into the stack for thread: 0x000001da8f0d3800
R15=0x000001da8f0d3800 is a thread


Registers:
RAX=0x00007ffbf454ae20, RBX=0x000001da9c41ac18, RCX=0x000001da8f0d3a70, RDX=0x0000005dc22ff250
RSP=0x0000005dc22ff1b8, RBP=0x0000005dc22ff240, RSI=0x000001da9c3e9410, RDI=0x000001da80009e80
R8 =0x0000027439971f90, R9 =0x000001da8f0cad80, R10=0x000001da8000f2e8, R11=0x00000006d1724450
R12=0x0000000000000000, R13=0x000001da9c41ac18, R14=0x0000005dc22ff268, R15=0x000001da8f0d3800
RIP=0x00007ffbf454ae25, EFLAGS=0x0000000000010206

Top of Stack: (sp=0x0000005dc22ff1b8)
0x0000005dc22ff1b8:   000001da8000f317 000001da80009e80
0x0000005dc22ff1c8:   000001da8000f012 000001da9c41ac18
0x0000005dc22ff1d8:   0000005dc22ff240 000001da9c3e9410
0x0000005dc22ff1e8:   000001da9c3e9410 000001da8000efb6
0x0000005dc22ff1f8:   0000005dc22ff1f8 000001da9c41ac18
0x0000005dc22ff208:   0000005dc22ff268 000001da9c41b010
0x0000005dc22ff218:   0000000000000000 00000006d1724450
0x0000005dc22ff228:   000001da9c41ac18 0000000000000000
0x0000005dc22ff238:   0000005dc22ff260 0000005dc22ff2b8
0x0000005dc22ff248:   000001da8000a103 00000006d1724450
0x0000005dc22ff258:   000001da8000c258 0000027439971f90
0x0000005dc22ff268:   0000000000000000 0000005dc22ff270
0x0000005dc22ff278:   000001da9c41a16c 0000005dc22ff2c8
0x0000005dc22ff288:   000001da9c41b010 0000000000000000
0x0000005dc22ff298:   00000006d1724450 000001da9c41a188
0x0000005dc22ff2a8:   0000005dc22ff260 0000005dc22ff2c8 

Instructions: (pc=0x00007ffbf454ae25)
0x00007ffbf454ae05:   09 48 8b c8 e8 62 d2 65 00 90 eb 02 33 c0 48 83
0x00007ffbf454ae15:   c4 38 c3 cc cc cc cc cc cc cc cc 4d 85 c0 74 0e
0x00007ffbf454ae25:   49 8b 00 ba 01 00 00 00 49 8b c8 48 ff 20 c3 cc
0x00007ffbf454ae35:   cc cc cc cc cc cc cc cc cc cc cc 48 89 4c 24 08 



---------------  P R O C E S S  ---------------

Threads class SMR info:
_java_thread_list=0x000001da99bbe110, length=20, elements={
0x000001daeb9fe800, 0x000001da8f0c9000, 0x000001da8f0d3800, 0x000001da8f0e8000,
0x000001da8f0e8800, 0x000001da8f0ea800, 0x000001da8f0ed000, 0x000001da8f0f1000,
0x000001da8f0f2000, 0x000001da8f101000, 0x000001da8f2b2800, 0x000001da8f2bb800,
0x000001da8f7af000, 0x000001da8f7a5800, 0x000001da8f7a0800, 0x000001da8fa51000,
0x000001da8f2b8000, 0x000001da972a1800, 0x000001da97394000, 0x000001da99be2800
}

Java Threads: ( => current thread )
  0x000001daeb9fe800 JavaThread "main" [_thread_blocked, id=12828, stack(0x0000005dc0b00000,0x0000005dc0c00000)]
  0x000001da8f0c9000 JavaThread "Reference Handler" daemon [_thread_blocked, id=736, stack(0x0000005dc2100000,0x0000005dc2200000)]
=>0x000001da8f0d3800 JavaThread "Finalizer" daemon [_thread_in_native, id=13068, stack(0x0000005dc2200000,0x0000005dc2300000)]
  0x000001da8f0e8000 JavaThread "Signal Dispatcher" daemon [_thread_blocked, id=16980, stack(0x0000005dc2300000,0x0000005dc2400000)]
  0x000001da8f0e8800 JavaThread "Attach Listener" daemon [_thread_blocked, id=11952, stack(0x0000005dc2400000,0x0000005dc2500000)]
  0x000001da8f0ea800 JavaThread "C2 CompilerThread0" daemon [_thread_blocked, id=19884, stack(0x0000005dc2500000,0x0000005dc2600000)]
  0x000001da8f0ed000 JavaThread "C2 CompilerThread1" daemon [_thread_blocked, id=11936, stack(0x0000005dc2600000,0x0000005dc2700000)]
  0x000001da8f0f1000 JavaThread "C2 CompilerThread2" daemon [_thread_blocked, id=14524, stack(0x0000005dc2700000,0x0000005dc2800000)]
  0x000001da8f0f2000 JavaThread "C1 CompilerThread3" daemon [_thread_in_native, id=14564, stack(0x0000005dc2800000,0x0000005dc2900000)]
  0x000001da8f101000 JavaThread "Sweeper thread" daemon [_thread_blocked, id=3504, stack(0x0000005dc2900000,0x0000005dc2a00000)]
  0x000001da8f2b2800 JavaThread "Service Thread" daemon [_thread_blocked, id=2080, stack(0x0000005dc2a00000,0x0000005dc2b00000)]
  0x000001da8f2bb800 JavaThread "Common-Cleaner" daemon [_thread_blocked, id=12768, stack(0x0000005dc2b00000,0x0000005dc2c00000)]
  0x000001da8f7af000 JavaThread "QuantumRenderer-0" daemon [_thread_blocked, id=12756, stack(0x0000005dc2d00000,0x0000005dc2e00000)]
  0x000001da8f7a5800 JavaThread "InvokeLaterDispatcher" daemon [_thread_blocked, id=6468, stack(0x0000005dc2f00000,0x0000005dc3000000)]
  0x000001da8f7a0800 JavaThread "JavaFX Application Thread" [_thread_in_vm, id=8920, stack(0x0000005dc3000000,0x0000005dc3100000)]
  0x000001da8fa51000 JavaThread "Thread-1" daemon [_thread_in_native, id=15596, stack(0x0000005dc3400000,0x0000005dc3500000)]
  0x000001da8f2b8000 JavaThread "JavaFX-Launcher" [_thread_blocked, id=7340, stack(0x0000005dc3500000,0x0000005dc3600000)]
  0x000001da972a1800 JavaThread "Java2D Disposer" daemon [_thread_blocked, id=9472, stack(0x0000005dc3600000,0x0000005dc3700000)]
  0x000001da97394000 JavaThread "Prism Font Disposer" daemon [_thread_blocked, id=18508, stack(0x0000005dc3900000,0x0000005dc3a00000)]
  0x000001da99be2800 JavaThread "Cleaner-0" daemon [_thread_blocked, id=20780, stack(0x0000005dc3a00000,0x0000005dc3b00000)]

Other Threads:
  0x000001da8f0bb000 VMThread "VM Thread" [stack: 0x0000005dc2000000,0x0000005dc2100000] [id=16052]
  0x000001da8f2c4000 WatcherThread [stack: 0x0000005dc2c00000,0x0000005dc2d00000] [id=15088]
  0x000001daeba14800 GCTaskThread "GC Thread#0" [stack: 0x0000005dc0c00000,0x0000005dc0d00000] [id=19816]
  0x000001daeba19800 GCTaskThread "GC Thread#1" [stack: 0x0000005dc0d00000,0x0000005dc0e00000] [id=12628]
  0x000001daeba1c800 GCTaskThread "GC Thread#2" [stack: 0x0000005dc0e00000,0x0000005dc0f00000] [id=10236]
  0x000001daeba25800 GCTaskThread "GC Thread#3" [stack: 0x0000005dc0f00000,0x0000005dc1000000] [id=17024]
  0x000001daeba27000 GCTaskThread "GC Thread#4" [stack: 0x0000005dc1000000,0x0000005dc1100000] [id=17008]
  0x000001daeba1f800 GCTaskThread "GC Thread#5" [stack: 0x0000005dc1100000,0x0000005dc1200000] [id=16188]
  0x000001daeba20800 GCTaskThread "GC Thread#6" [stack: 0x0000005dc1200000,0x0000005dc1300000] [id=19120]
  0x000001daeba24800 GCTaskThread "GC Thread#7" [stack: 0x0000005dc1300000,0x0000005dc1400000] [id=8440]
  0x000001daeba80000 ConcurrentGCThread "G1 Main Marker" [stack: 0x0000005dc1400000,0x0000005dc1500000] [id=11156]
  0x000001daeba22800 ConcurrentGCThread "G1 Conc#0" [stack: 0x0000005dc1500000,0x0000005dc1600000] [id=20860]
  0x000001daeba25000 ConcurrentGCThread "G1 Conc#1" [stack: 0x0000005dc1600000,0x0000005dc1700000] [id=15736]
  0x000001dafcd54000 ConcurrentGCThread "G1 Refine#0" [stack: 0x0000005dc1700000,0x0000005dc1800000] [id=14212]
  0x000001dafcd55000 ConcurrentGCThread "G1 Refine#1" [stack: 0x0000005dc1800000,0x0000005dc1900000] [id=3532]
  0x000001dafcd55800 ConcurrentGCThread "G1 Refine#2" [stack: 0x0000005dc1900000,0x0000005dc1a00000] [id=888]
  0x000001dafcd56000 ConcurrentGCThread "G1 Refine#3" [stack: 0x0000005dc1a00000,0x0000005dc1b00000] [id=19620]
  0x000001dafcd5a000 ConcurrentGCThread "G1 Refine#4" [stack: 0x0000005dc1b00000,0x0000005dc1c00000] [id=15144]
  0x000001dafcd5c000 ConcurrentGCThread "G1 Refine#5" [stack: 0x0000005dc1c00000,0x0000005dc1d00000] [id=7984]
  0x000001dafcd5d800 ConcurrentGCThread "G1 Refine#6" [stack: 0x0000005dc1d00000,0x0000005dc1e00000] [id=6856]
  0x000001dafcd6e000 ConcurrentGCThread "G1 Refine#7" [stack: 0x0000005dc1e00000,0x0000005dc1f00000] [id=14540]
  0x000001dafcd73000 ConcurrentGCThread "G1 Young RemSet Sampling" [stack: 0x0000005dc1f00000,0x0000005dc2000000] [id=5016]

Threads with active compile tasks:
C1 CompilerThread31957       3       com.sun.javafx.css.StyleMap::getCascadingStyles (384 bytes)

VM state:not at safepoint (normal execution)

VM Mutex/Monitor currently owned by a thread: None

Heap address: 0x00000006c1a00000, size: 4070 MB, Compressed Oops mode: Zero based, Oop shift amount: 3
Narrow klass base: 0x0000000000000000, Narrow klass shift: 3
Compressed class space size: 1073741824 Address: 0x00000007c0000000

Heap:
 garbage-first heap   total 262144K, used 12154K [0x00000006c1a00000, 0x00000007c0000000)
  region size 1024K, 5 young (5120K), 1 survivors (1024K)
 Metaspace       used 21333K, capacity 22008K, committed 22268K, reserved 1069056K
  class space    used 2701K, capacity 3051K, committed 3068K, reserved 1048576K
Heap Regions: E=young(eden), S=young(survivor), O=old, HS=humongous(starts), HC=humongous(continues), CS=collection set, F=free, A=archive, TS=gc time stamp, AC=allocation context, TAMS=top-at-mark-start (previous, next)
|   0|0x00000006c1a00000, 0x00000006c1b00000, 0x00000006c1b00000|100%|HS|  |TS  0|AC  0|TAMS 0x00000006c1b00000, 0x00000006c1b00000|
|   1|0x00000006c1b00000, 0x00000006c1c00000, 0x00000006c1c00000|100%|HC|  |TS  0|AC  0|TAMS 0x00000006c1c00000, 0x00000006c1c00000|
|   2|0x00000006c1c00000, 0x00000006c1d00000, 0x00000006c1d00000|100%| O|  |TS  0|AC  0|TAMS 0x00000006c1d00000, 0x00000006c1d00000|
|   3|0x00000006c1d00000, 0x00000006c1e00000, 0x00000006c1e00000|100%| O|  |TS  0|AC  0|TAMS 0x00000006c1e00000, 0x00000006c1e00000|
|   4|0x00000006c1e00000, 0x00000006c1f00000, 0x00000006c1f00000|100%| O|  |TS  0|AC  0|TAMS 0x00000006c1f00000, 0x00000006c1f00000|
|   5|0x00000006c1f00000, 0x00000006c2000000, 0x00000006c2000000|100%| O|  |TS  0|AC  0|TAMS 0x00000006c2000000, 0x00000006c2000000|
|   6|0x00000006c2000000, 0x00000006c2100000, 0x00000006c2100000|100%| O|  |TS  0|AC  0|TAMS 0x00000006c2100000, 0x00000006c2100000|
|   7|0x00000006c2100000, 0x00000006c2200000, 0x00000006c2200000|100%| O|  |TS  0|AC  0|TAMS 0x00000006c2200000, 0x00000006c2200000|
|   8|0x00000006c2200000, 0x00000006c2273000, 0x00000006c2300000| 44%| O|  |TS  0|AC  0|TAMS 0x00000006c2273000, 0x00000006c2273000|
|   9|0x00000006c2300000, 0x00000006c2300000, 0x00000006c2400000|  0%| F|  |TS  0|AC  0|TAMS 0x00000006c2300000, 0x00000006c2300000|
|  10|0x00000006c2400000, 0x00000006c2400000, 0x00000006c2500000|  0%| F|  |TS  0|AC  0|TAMS 0x00000006c2400000, 0x00000006c2400000|
|  11|0x00000006c2500000, 0x00000006c2500000, 0x00000006c2600000|  0%| F|  |TS  0|AC  0|TAMS 0x00000006c2500000, 0x00000006c2500000|
|  12|0x00000006c2600000, 0x00000006c2600000, 0x00000006c2700000|  0%| F|  |TS  0|AC  0|TAMS 0x00000006c2600000, 0x00000006c2600000|
|  13|0x00000006c2700000, 0x00000006c2700000, 0x00000006c2800000|  0%| F|  |TS  0|AC  0|TAMS 0x00000006c2700000, 0x00000006c2700000|
|  14|0x00000006c2800000, 0x00000006c2800000, 0x00000006c2900000|  0%| F|  |TS  0|AC  0|TAMS 0x00000006c2800000, 0x00000006c2800000|
|  15|0x00000006c2900000, 0x00000006c2900000, 0x00000006c2a00000|  0%| F|  |TS  0|AC  0|TAMS 0x00000006c2900000, 0x00000006c2900000|
|  16|0x00000006c2a00000, 0x00000006c2a00000, 0x00000006c2b00000|  0%| F|  |TS  0|AC  0|TAMS 0x00000006c2a00000, 0x00000006c2a00000|
|  17|0x00000006c2b00000, 0x00000006c2b00000, 0x00000006c2c00000|  0%| F|  |TS  0|AC  0|TAMS 0x00000006c2b00000, 0x00000006c2b00000|
|  18|0x00000006c2c00000, 0x00000006c2c00000, 0x00000006c2d00000|  0%| F|  |TS  0|AC  0|TAMS 0x00000006c2c00000, 0x00000006c2c00000|
|  19|0x00000006c2d00000, 0x00000006c2d00000, 0x00000006c2e00000|  0%| F|  |TS  0|AC  0|TAMS 0x00000006c2d00000, 0x00000006c2d00000|
|  20|0x00000006c2e00000, 0x00000006c2e00000, 0x00000006c2f00000|  0%| F|  |TS  0|AC  0|TAMS 0x00000006c2e00000, 0x00000006c2e00000|
|  21|0x00000006c2f00000, 0x00000006c2f00000, 0x00000006c3000000|  0%| F|  |TS  0|AC  0|TAMS 0x00000006c2f00000, 0x00000006c2f00000|
|  22|0x00000006c3000000, 0x00000006c3000000, 0x00000006c3100000|  0%| F|  |TS  0|AC  0|TAMS 0x00000006c3000000, 0x00000006c3000000|
|  23|0x00000006c3100000, 0x00000006c3100000, 0x00000006c3200000|  0%| F|  |TS  0|AC  0|TAMS 0x00000006c3100000, 0x00000006c3100000|
|  24|0x00000006c3200000, 0x00000006c3200000, 0x00000006c3300000|  0%| F|  |TS  0|AC  0|TAMS 0x00000006c3200000, 0x00000006c3200000|
|  25|0x00000006c3300000, 0x00000006c3300000, 0x00000006c3400000|  0%| F|  |TS  0|AC  0|TAMS 0x00000006c3300000, 0x00000006c3300000|
|  26|0x00000006c3400000, 0x00000006c3400000, 0x00000006c3500000|  0%| F|  |TS  0|AC  0|TAMS 0x00000006c3400000, 0x00000006c3400000|
|  27|0x00000006c3500000, 0x00000006c3500000, 0x00000006c3600000|  0%| F|  |TS  0|AC  0|TAMS 0x00000006c3500000, 0x00000006c3500000|
|  28|0x00000006c3600000, 0x00000006c3600000, 0x00000006c3700000|  0%| F|  |TS  0|AC  0|TAMS 0x00000006c3600000, 0x00000006c3600000|
|  29|0x00000006c3700000, 0x00000006c3700000, 0x00000006c3800000|  0%| F|  |TS  0|AC  0|TAMS 0x00000006c3700000, 0x00000006c3700000|
|  30|0x00000006c3800000, 0x00000006c3800000, 0x00000006c3900000|  0%| F|  |TS  0|AC  0|TAMS 0x00000006c3800000, 0x00000006c3800000|
|  31|0x00000006c3900000, 0x00000006c3900000, 0x00000006c3a00000|  0%| F|  |TS  0|AC  0|TAMS 0x00000006c3900000, 0x00000006c3900000|
|  32|0x00000006c3a00000, 0x00000006c3a00000, 0x00000006c3b00000|  0%| F|  |TS  0|AC  0|TAMS 0x00000006c3a00000, 0x00000006c3a00000|
|  33|0x00000006c3b00000, 0x00000006c3b00000, 0x00000006c3c00000|  0%| F|  |TS  0|AC  0|TAMS 0x00000006c3b00000, 0x00000006c3b00000|
|  34|0x00000006c3c00000, 0x00000006c3c00000, 0x00000006c3d00000|  0%| F|  |TS  0|AC  0|TAMS 0x00000006c3c00000, 0x00000006c3c00000|
|  35|0x00000006c3d00000, 0x00000006c3d00000, 0x00000006c3e00000|  0%| F|  |TS  0|AC  0|TAMS 0x00000006c3d00000, 0x00000006c3d00000|
|  36|0x00000006c3e00000, 0x00000006c3e00000, 0x00000006c3f00000|  0%| F|  |TS  0|AC  0|TAMS 0x00000006c3e00000, 0x00000006c3e00000|
|  37|0x00000006c3f00000, 0x00000006c3f00000, 0x00000006c4000000|  0%| F|  |TS  0|AC  0|TAMS 0x00000006c3f00000, 0x00000006c3f00000|
|  38|0x00000006c4000000, 0x00000006c4000000, 0x00000006c4100000|  0%| F|  |TS  0|AC  0|TAMS 0x00000006c4000000, 0x00000006c4000000|
|  39|0x00000006c4100000, 0x00000006c4100000, 0x00000006c4200000|  0%| F|  |TS  0|AC  0|TAMS 0x00000006c4100000, 0x00000006c4100000|
|  40|0x00000006c4200000, 0x00000006c4200000, 0x00000006c4300000|  0%| F|  |TS  0|AC  0|TAMS 0x00000006c4200000, 0x00000006c4200000|
|  41|0x00000006c4300000, 0x00000006c4300000, 0x00000006c4400000|  0%| F|  |TS  0|AC  0|TAMS 0x00000006c4300000, 0x00000006c4300000|
|  42|0x00000006c4400000, 0x00000006c4400000, 0x00000006c4500000|  0%| F|  |TS  0|AC  0|TAMS 0x00000006c4400000, 0x00000006c4400000|
|  43|0x00000006c4500000, 0x00000006c4500000, 0x00000006c4600000|  0%| F|  |TS  0|AC  0|TAMS 0x00000006c4500000, 0x00000006c4500000|
|  44|0x00000006c4600000, 0x00000006c4600000, 0x00000006c4700000|  0%| F|  |TS  0|AC  0|TAMS 0x00000006c4600000, 0x00000006c4600000|
|  45|0x00000006c4700000, 0x00000006c4700000, 0x00000006c4800000|  0%| F|  |TS  0|AC  0|TAMS 0x00000006c4700000, 0x00000006c4700000|
|  46|0x00000006c4800000, 0x00000006c4800000, 0x00000006c4900000|  0%| F|  |TS  0|AC  0|TAMS 0x00000006c4800000, 0x00000006c4800000|
|  47|0x00000006c4900000, 0x00000006c4900000, 0x00000006c4a00000|  0%| F|  |TS  0|AC  0|TAMS 0x00000006c4900000, 0x00000006c4900000|
|  48|0x00000006c4a00000, 0x00000006c4a00000, 0x00000006c4b00000|  0%| F|  |TS  0|AC  0|TAMS 0x00000006c4a00000, 0x00000006c4a00000|
|  49|0x00000006c4b00000, 0x00000006c4b00000, 0x00000006c4c00000|  0%| F|  |TS  0|AC  0|TAMS 0x00000006c4b00000, 0x00000006c4b00000|
|  50|0x00000006c4c00000, 0x00000006c4c00000, 0x00000006c4d00000|  0%| F|  |TS  0|AC  0|TAMS 0x00000006c4c00000, 0x00000006c4c00000|
|  51|0x00000006c4d00000, 0x00000006c4d00000, 0x00000006c4e00000|  0%| F|  |TS  0|AC  0|TAMS 0x00000006c4d00000, 0x00000006c4d00000|
|  52|0x00000006c4e00000, 0x00000006c4e00000, 0x00000006c4f00000|  0%| F|  |TS  0|AC  0|TAMS 0x00000006c4e00000, 0x00000006c4e00000|
|  53|0x00000006c4f00000, 0x00000006c4f00000, 0x00000006c5000000|  0%| F|  |TS  0|AC  0|TAMS 0x00000006c4f00000, 0x00000006c4f00000|
|  54|0x00000006c5000000, 0x00000006c5000000, 0x00000006c5100000|  0%| F|  |TS  0|AC  0|TAMS 0x00000006c5000000, 0x00000006c5000000|
|  55|0x00000006c5100000, 0x00000006c5100000, 0x00000006c5200000|  0%| F|  |TS  0|AC  0|TAMS 0x00000006c5100000, 0x00000006c5100000|
|  56|0x00000006c5200000, 0x00000006c5200000, 0x00000006c5300000|  0%| F|  |TS  0|AC  0|TAMS 0x00000006c5200000, 0x00000006c5200000|
|  57|0x00000006c5300000, 0x00000006c5300000, 0x00000006c5400000|  0%| F|  |TS  0|AC  0|TAMS 0x00000006c5300000, 0x00000006c5300000|
|  58|0x00000006c5400000, 0x00000006c5400000, 0x00000006c5500000|  0%| F|  |TS  0|AC  0|TAMS 0x00000006c5400000, 0x00000006c5400000|
|  59|0x00000006c5500000, 0x00000006c5500000, 0x00000006c5600000|  0%| F|  |TS  0|AC  0|TAMS 0x00000006c5500000, 0x00000006c5500000|
|  60|0x00000006c5600000, 0x00000006c5600000, 0x00000006c5700000|  0%| F|  |TS  0|AC  0|TAMS 0x00000006c5600000, 0x00000006c5600000|
|  61|0x00000006c5700000, 0x00000006c5700000, 0x00000006c5800000|  0%| F|  |TS  0|AC  0|TAMS 0x00000006c5700000, 0x00000006c5700000|
|  62|0x00000006c5800000, 0x00000006c5800000, 0x00000006c5900000|  0%| F|  |TS  0|AC  0|TAMS 0x00000006c5800000, 0x00000006c5800000|
|  63|0x00000006c5900000, 0x00000006c5900000, 0x00000006c5a00000|  0%| F|  |TS  0|AC  0|TAMS 0x00000006c5900000, 0x00000006c5900000|
|  64|0x00000006c5a00000, 0x00000006c5a00000, 0x00000006c5b00000|  0%| F|  |TS  0|AC  0|TAMS 0x00000006c5a00000, 0x00000006c5a00000|
|  65|0x00000006c5b00000, 0x00000006c5b00000, 0x00000006c5c00000|  0%| F|  |TS  0|AC  0|TAMS 0x00000006c5b00000, 0x00000006c5b00000|
|  66|0x00000006c5c00000, 0x00000006c5c00000, 0x00000006c5d00000|  0%| F|  |TS  0|AC  0|TAMS 0x00000006c5c00000, 0x00000006c5c00000|
|  67|0x00000006c5d00000, 0x00000006c5d00000, 0x00000006c5e00000|  0%| F|  |TS  0|AC  0|TAMS 0x00000006c5d00000, 0x00000006c5d00000|
|  68|0x00000006c5e00000, 0x00000006c5e00000, 0x00000006c5f00000|  0%| F|  |TS  0|AC  0|TAMS 0x00000006c5e00000, 0x00000006c5e00000|
|  69|0x00000006c5f00000, 0x00000006c5f00000, 0x00000006c6000000|  0%| F|  |TS  0|AC  0|TAMS 0x00000006c5f00000, 0x00000006c5f00000|
|  70|0x00000006c6000000, 0x00000006c6000000, 0x00000006c6100000|  0%| F|  |TS  0|AC  0|TAMS 0x00000006c6000000, 0x00000006c6000000|
|  71|0x00000006c6100000, 0x00000006c6100000, 0x00000006c6200000|  0%| F|  |TS  0|AC  0|TAMS 0x00000006c6100000, 0x00000006c6100000|
|  72|0x00000006c6200000, 0x00000006c6200000, 0x00000006c6300000|  0%| F|  |TS  0|AC  0|TAMS 0x00000006c6200000, 0x00000006c6200000|
|  73|0x00000006c6300000, 0x00000006c6300000, 0x00000006c6400000|  0%| F|  |TS  0|AC  0|TAMS 0x00000006c6300000, 0x00000006c6300000|
|  74|0x00000006c6400000, 0x00000006c6400000, 0x00000006c6500000|  0%| F|  |TS  0|AC  0|TAMS 0x00000006c6400000, 0x00000006c6400000|
|  75|0x00000006c6500000, 0x00000006c6500000, 0x00000006c6600000|  0%| F|  |TS  0|AC  0|TAMS 0x00000006c6500000, 0x00000006c6500000|
|  76|0x00000006c6600000, 0x00000006c6600000, 0x00000006c6700000|  0%| F|  |TS  0|AC  0|TAMS 0x00000006c6600000, 0x00000006c6600000|
|  77|0x00000006c6700000, 0x00000006c6700000, 0x00000006c6800000|  0%| F|  |TS  0|AC  0|TAMS 0x00000006c6700000, 0x00000006c6700000|
|  78|0x00000006c6800000, 0x00000006c6800000, 0x00000006c6900000|  0%| F|  |TS  0|AC  0|TAMS 0x00000006c6800000, 0x00000006c6800000|
|  79|0x00000006c6900000, 0x00000006c6900000, 0x00000006c6a00000|  0%| F|  |TS  0|AC  0|TAMS 0x00000006c6900000, 0x00000006c6900000|
|  80|0x00000006c6a00000, 0x00000006c6a00000, 0x00000006c6b00000|  0%| F|  |TS  0|AC  0|TAMS 0x00000006c6a00000, 0x00000006c6a00000|
|  81|0x00000006c6b00000, 0x00000006c6b00000, 0x00000006c6c00000|  0%| F|  |TS  0|AC  0|TAMS 0x00000006c6b00000, 0x00000006c6b00000|
|  82|0x00000006c6c00000, 0x00000006c6c00000, 0x00000006c6d00000|  0%| F|  |TS  0|AC  0|TAMS 0x00000006c6c00000, 0x00000006c6c00000|
|  83|0x00000006c6d00000, 0x00000006c6d00000, 0x00000006c6e00000|  0%| F|  |TS  0|AC  0|TAMS 0x00000006c6d00000, 0x00000006c6d00000|
|  84|0x00000006c6e00000, 0x00000006c6e00000, 0x00000006c6f00000|  0%| F|  |TS  0|AC  0|TAMS 0x00000006c6e00000, 0x00000006c6e00000|
|  85|0x00000006c6f00000, 0x00000006c6f00000, 0x00000006c7000000|  0%| F|  |TS  0|AC  0|TAMS 0x00000006c6f00000, 0x00000006c6f00000|
|  86|0x00000006c7000000, 0x00000006c7000000, 0x00000006c7100000|  0%| F|  |TS  0|AC  0|TAMS 0x00000006c7000000, 0x00000006c7000000|
|  87|0x00000006c7100000, 0x00000006c7100000, 0x00000006c7200000|  0%| F|  |TS  0|AC  0|TAMS 0x00000006c7100000, 0x00000006c7100000|
|  88|0x00000006c7200000, 0x00000006c7200000, 0x00000006c7300000|  0%| F|  |TS  0|AC  0|TAMS 0x00000006c7200000, 0x00000006c7200000|
|  89|0x00000006c7300000, 0x00000006c7300000, 0x00000006c7400000|  0%| F|  |TS  0|AC  0|TAMS 0x00000006c7300000, 0x00000006c7300000|
|  90|0x00000006c7400000, 0x00000006c7400000, 0x00000006c7500000|  0%| F|  |TS  0|AC  0|TAMS 0x00000006c7400000, 0x00000006c7400000|
|  91|0x00000006c7500000, 0x00000006c7500000, 0x00000006c7600000|  0%| F|  |TS  0|AC  0|TAMS 0x00000006c7500000, 0x00000006c7500000|
|  92|0x00000006c7600000, 0x00000006c7600000, 0x00000006c7700000|  0%| F|  |TS  0|AC  0|TAMS 0x00000006c7600000, 0x00000006c7600000|
|  93|0x00000006c7700000, 0x00000006c7700000, 0x00000006c7800000|  0%| F|  |TS  0|AC  0|TAMS 0x00000006c7700000, 0x00000006c7700000|
|  94|0x00000006c7800000, 0x00000006c7800000, 0x00000006c7900000|  0%| F|  |TS  0|AC  0|TAMS 0x00000006c7800000, 0x00000006c7800000|
|  95|0x00000006c7900000, 0x00000006c7900000, 0x00000006c7a00000|  0%| F|  |TS  0|AC  0|TAMS 0x00000006c7900000, 0x00000006c7900000|
|  96|0x00000006c7a00000, 0x00000006c7a00000, 0x00000006c7b00000|  0%| F|  |TS  0|AC  0|TAMS 0x00000006c7a00000, 0x00000006c7a00000|
|  97|0x00000006c7b00000, 0x00000006c7b00000, 0x00000006c7c00000|  0%| F|  |TS  0|AC  0|TAMS 0x00000006c7b00000, 0x00000006c7b00000|
|  98|0x00000006c7c00000, 0x00000006c7c00000, 0x00000006c7d00000|  0%| F|  |TS  0|AC  0|TAMS 0x00000006c7c00000, 0x00000006c7c00000|
|  99|0x00000006c7d00000, 0x00000006c7d00000, 0x00000006c7e00000|  0%| F|  |TS  0|AC  0|TAMS 0x00000006c7d00000, 0x00000006c7d00000|
| 100|0x00000006c7e00000, 0x00000006c7e00000, 0x00000006c7f00000|  0%| F|  |TS  0|AC  0|TAMS 0x00000006c7e00000, 0x00000006c7e00000|
| 101|0x00000006c7f00000, 0x00000006c7f00000, 0x00000006c8000000|  0%| F|  |TS  0|AC  0|TAMS 0x00000006c7f00000, 0x00000006c7f00000|
| 102|0x00000006c8000000, 0x00000006c8000000, 0x00000006c8100000|  0%| F|  |TS  0|AC  0|TAMS 0x00000006c8000000, 0x00000006c8000000|
| 103|0x00000006c8100000, 0x00000006c8100000, 0x00000006c8200000|  0%| F|  |TS  0|AC  0|TAMS 0x00000006c8100000, 0x00000006c8100000|
| 104|0x00000006c8200000, 0x00000006c8200000, 0x00000006c8300000|  0%| F|  |TS  0|AC  0|TAMS 0x00000006c8200000, 0x00000006c8200000|
| 105|0x00000006c8300000, 0x00000006c8300000, 0x00000006c8400000|  0%| F|  |TS  0|AC  0|TAMS 0x00000006c8300000, 0x00000006c8300000|
| 106|0x00000006c8400000, 0x00000006c8400000, 0x00000006c8500000|  0%| F|  |TS  0|AC  0|TAMS 0x00000006c8400000, 0x00000006c8400000|
| 107|0x00000006c8500000, 0x00000006c8500000, 0x00000006c8600000|  0%| F|  |TS  0|AC  0|TAMS 0x00000006c8500000, 0x00000006c8500000|
| 108|0x00000006c8600000, 0x00000006c8600000, 0x00000006c8700000|  0%| F|  |TS  0|AC  0|TAMS 0x00000006c8600000, 0x00000006c8600000|
| 109|0x00000006c8700000, 0x00000006c8700000, 0x00000006c8800000|  0%| F|  |TS  0|AC  0|TAMS 0x00000006c8700000, 0x00000006c8700000|
| 110|0x00000006c8800000, 0x00000006c8800000, 0x00000006c8900000|  0%| F|  |TS  0|AC  0|TAMS 0x00000006c8800000, 0x00000006c8800000|
| 111|0x00000006c8900000, 0x00000006c8900000, 0x00000006c8a00000|  0%| F|  |TS  0|AC  0|TAMS 0x00000006c8900000, 0x00000006c8900000|
| 112|0x00000006c8a00000, 0x00000006c8a00000, 0x00000006c8b00000|  0%| F|  |TS  0|AC  0|TAMS 0x00000006c8a00000, 0x00000006c8a00000|
| 113|0x00000006c8b00000, 0x00000006c8b00000, 0x00000006c8c00000|  0%| F|  |TS  0|AC  0|TAMS 0x00000006c8b00000, 0x00000006c8b00000|
| 114|0x00000006c8c00000, 0x00000006c8c00000, 0x00000006c8d00000|  0%| F|  |TS  0|AC  0|TAMS 0x00000006c8c00000, 0x00000006c8c00000|
| 115|0x00000006c8d00000, 0x00000006c8d00000, 0x00000006c8e00000|  0%| F|  |TS  0|AC  0|TAMS 0x00000006c8d00000, 0x00000006c8d00000|
| 116|0x00000006c8e00000, 0x00000006c8e00000, 0x00000006c8f00000|  0%| F|  |TS  0|AC  0|TAMS 0x00000006c8e00000, 0x00000006c8e00000|
| 117|0x00000006c8f00000, 0x00000006c8f00000, 0x00000006c9000000|  0%| F|  |TS  0|AC  0|TAMS 0x00000006c8f00000, 0x00000006c8f00000|
| 118|0x00000006c9000000, 0x00000006c9000000, 0x00000006c9100000|  0%| F|  |TS  0|AC  0|TAMS 0x00000006c9000000, 0x00000006c9000000|
| 119|0x00000006c9100000, 0x00000006c9100000, 0x00000006c9200000|  0%| F|  |TS  0|AC  0|TAMS 0x00000006c9100000, 0x00000006c9100000|
| 120|0x00000006c9200000, 0x00000006c9200000, 0x00000006c9300000|  0%| F|  |TS  0|AC  0|TAMS 0x00000006c9200000, 0x00000006c9200000|
| 121|0x00000006c9300000, 0x00000006c9300000, 0x00000006c9400000|  0%| F|  |TS  0|AC  0|TAMS 0x00000006c9300000, 0x00000006c9300000|
| 122|0x00000006c9400000, 0x00000006c9400000, 0x00000006c9500000|  0%| F|  |TS  0|AC  0|TAMS 0x00000006c9400000, 0x00000006c9400000|
| 123|0x00000006c9500000, 0x00000006c9500000, 0x00000006c9600000|  0%| F|  |TS  0|AC  0|TAMS 0x00000006c9500000, 0x00000006c9500000|
| 124|0x00000006c9600000, 0x00000006c9600000, 0x00000006c9700000|  0%| F|  |TS  0|AC  0|TAMS 0x00000006c9600000, 0x00000006c9600000|
| 125|0x00000006c9700000, 0x00000006c9700000, 0x00000006c9800000|  0%| F|  |TS  0|AC  0|TAMS 0x00000006c9700000, 0x00000006c9700000|
| 126|0x00000006c9800000, 0x00000006c9800000, 0x00000006c9900000|  0%| F|  |TS  0|AC  0|TAMS 0x00000006c9800000, 0x00000006c9800000|
| 127|0x00000006c9900000, 0x00000006c9900000, 0x00000006c9a00000|  0%| F|  |TS  0|AC  0|TAMS 0x00000006c9900000, 0x00000006c9900000|
| 128|0x00000006c9a00000, 0x00000006c9a00000, 0x00000006c9b00000|  0%| F|  |TS  0|AC  0|TAMS 0x00000006c9a00000, 0x00000006c9a00000|
| 129|0x00000006c9b00000, 0x00000006c9b00000, 0x00000006c9c00000|  0%| F|  |TS  0|AC  0|TAMS 0x00000006c9b00000, 0x00000006c9b00000|
| 130|0x00000006c9c00000, 0x00000006c9c00000, 0x00000006c9d00000|  0%| F|  |TS  0|AC  0|TAMS 0x00000006c9c00000, 0x00000006c9c00000|
| 131|0x00000006c9d00000, 0x00000006c9d00000, 0x00000006c9e00000|  0%| F|  |TS  0|AC  0|TAMS 0x00000006c9d00000, 0x00000006c9d00000|
| 132|0x00000006c9e00000, 0x00000006c9e00000, 0x00000006c9f00000|  0%| F|  |TS  0|AC  0|TAMS 0x00000006c9e00000, 0x00000006c9e00000|
| 133|0x00000006c9f00000, 0x00000006c9f00000, 0x00000006ca000000|  0%| F|  |TS  0|AC  0|TAMS 0x00000006c9f00000, 0x00000006c9f00000|
| 134|0x00000006ca000000, 0x00000006ca000000, 0x00000006ca100000|  0%| F|  |TS  0|AC  0|TAMS 0x00000006ca000000, 0x00000006ca000000|
| 135|0x00000006ca100000, 0x00000006ca100000, 0x00000006ca200000|  0%| F|  |TS  0|AC  0|TAMS 0x00000006ca100000, 0x00000006ca100000|
| 136|0x00000006ca200000, 0x00000006ca200000, 0x00000006ca300000|  0%| F|  |TS  0|AC  0|TAMS 0x00000006ca200000, 0x00000006ca200000|
| 137|0x00000006ca300000, 0x00000006ca300000, 0x00000006ca400000|  0%| F|  |TS  0|AC  0|TAMS 0x00000006ca300000, 0x00000006ca300000|
| 138|0x00000006ca400000, 0x00000006ca400000, 0x00000006ca500000|  0%| F|  |TS  0|AC  0|TAMS 0x00000006ca400000, 0x00000006ca400000|
| 139|0x00000006ca500000, 0x00000006ca500000, 0x00000006ca600000|  0%| F|  |TS  0|AC  0|TAMS 0x00000006ca500000, 0x00000006ca500000|
| 140|0x00000006ca600000, 0x00000006ca600000, 0x00000006ca700000|  0%| F|  |TS  0|AC  0|TAMS 0x00000006ca600000, 0x00000006ca600000|
| 141|0x00000006ca700000, 0x00000006ca700000, 0x00000006ca800000|  0%| F|  |TS  0|AC  0|TAMS 0x00000006ca700000, 0x00000006ca700000|
| 142|0x00000006ca800000, 0x00000006ca800000, 0x00000006ca900000|  0%| F|  |TS  0|AC  0|TAMS 0x00000006ca800000, 0x00000006ca800000|
| 143|0x00000006ca900000, 0x00000006ca900000, 0x00000006caa00000|  0%| F|  |TS  0|AC  0|TAMS 0x00000006ca900000, 0x00000006ca900000|
| 144|0x00000006caa00000, 0x00000006caa00000, 0x00000006cab00000|  0%| F|  |TS  0|AC  0|TAMS 0x00000006caa00000, 0x00000006caa00000|
| 145|0x00000006cab00000, 0x00000006cab00000, 0x00000006cac00000|  0%| F|  |TS  0|AC  0|TAMS 0x00000006cab00000, 0x00000006cab00000|
| 146|0x00000006cac00000, 0x00000006cac00000, 0x00000006cad00000|  0%| F|  |TS  0|AC  0|TAMS 0x00000006cac00000, 0x00000006cac00000|
| 147|0x00000006cad00000, 0x00000006cad00000, 0x00000006cae00000|  0%| F|  |TS  0|AC  0|TAMS 0x00000006cad00000, 0x00000006cad00000|
| 148|0x00000006cae00000, 0x00000006cae00000, 0x00000006caf00000|  0%| F|  |TS  0|AC  0|TAMS 0x00000006cae00000, 0x00000006cae00000|
| 149|0x00000006caf00000, 0x00000006caf00000, 0x00000006cb000000|  0%| F|  |TS  0|AC  0|TAMS 0x00000006caf00000, 0x00000006caf00000|
| 150|0x00000006cb000000, 0x00000006cb000000, 0x00000006cb100000|  0%| F|  |TS  0|AC  0|TAMS 0x00000006cb000000, 0x00000006cb000000|
| 151|0x00000006cb100000, 0x00000006cb100000, 0x00000006cb200000|  0%| F|  |TS  0|AC  0|TAMS 0x00000006cb100000, 0x00000006cb100000|
| 152|0x00000006cb200000, 0x00000006cb200000, 0x00000006cb300000|  0%| F|  |TS  0|AC  0|TAMS 0x00000006cb200000, 0x00000006cb200000|
| 153|0x00000006cb300000, 0x00000006cb300000, 0x00000006cb400000|  0%| F|  |TS  0|AC  0|TAMS 0x00000006cb300000, 0x00000006cb300000|
| 154|0x00000006cb400000, 0x00000006cb400000, 0x00000006cb500000|  0%| F|  |TS  0|AC  0|TAMS 0x00000006cb400000, 0x00000006cb400000|
| 155|0x00000006cb500000, 0x00000006cb500000, 0x00000006cb600000|  0%| F|  |TS  0|AC  0|TAMS 0x00000006cb500000, 0x00000006cb500000|
| 156|0x00000006cb600000, 0x00000006cb600000, 0x00000006cb700000|  0%| F|  |TS  0|AC  0|TAMS 0x00000006cb600000, 0x00000006cb600000|
| 157|0x00000006cb700000, 0x00000006cb700000, 0x00000006cb800000|  0%| F|  |TS  0|AC  0|TAMS 0x00000006cb700000, 0x00000006cb700000|
| 158|0x00000006cb800000, 0x00000006cb800000, 0x00000006cb900000|  0%| F|  |TS  0|AC  0|TAMS 0x00000006cb800000, 0x00000006cb800000|
| 159|0x00000006cb900000, 0x00000006cb900000, 0x00000006cba00000|  0%| F|  |TS  0|AC  0|TAMS 0x00000006cb900000, 0x00000006cb900000|
| 160|0x00000006cba00000, 0x00000006cba00000, 0x00000006cbb00000|  0%| F|  |TS  0|AC  0|TAMS 0x00000006cba00000, 0x00000006cba00000|
| 161|0x00000006cbb00000, 0x00000006cbb00000, 0x00000006cbc00000|  0%| F|  |TS  0|AC  0|TAMS 0x00000006cbb00000, 0x00000006cbb00000|
| 162|0x00000006cbc00000, 0x00000006cbc00000, 0x00000006cbd00000|  0%| F|  |TS  0|AC  0|TAMS 0x00000006cbc00000, 0x00000006cbc00000|
| 163|0x00000006cbd00000, 0x00000006cbd00000, 0x00000006cbe00000|  0%| F|  |TS  0|AC  0|TAMS 0x00000006cbd00000, 0x00000006cbd00000|
| 164|0x00000006cbe00000, 0x00000006cbe00000, 0x00000006cbf00000|  0%| F|  |TS  0|AC  0|TAMS 0x00000006cbe00000, 0x00000006cbe00000|
| 165|0x00000006cbf00000, 0x00000006cbf00000, 0x00000006cc000000|  0%| F|  |TS  0|AC  0|TAMS 0x00000006cbf00000, 0x00000006cbf00000|
| 166|0x00000006cc000000, 0x00000006cc000000, 0x00000006cc100000|  0%| F|  |TS  0|AC  0|TAMS 0x00000006cc000000, 0x00000006cc000000|
| 167|0x00000006cc100000, 0x00000006cc100000, 0x00000006cc200000|  0%| F|  |TS  0|AC  0|TAMS 0x00000006cc100000, 0x00000006cc100000|
| 168|0x00000006cc200000, 0x00000006cc200000, 0x00000006cc300000|  0%| F|  |TS  0|AC  0|TAMS 0x00000006cc200000, 0x00000006cc200000|
| 169|0x00000006cc300000, 0x00000006cc300000, 0x00000006cc400000|  0%| F|  |TS  0|AC  0|TAMS 0x00000006cc300000, 0x00000006cc300000|
| 170|0x00000006cc400000, 0x00000006cc400000, 0x00000006cc500000|  0%| F|  |TS  0|AC  0|TAMS 0x00000006cc400000, 0x00000006cc400000|
| 171|0x00000006cc500000, 0x00000006cc500000, 0x00000006cc600000|  0%| F|  |TS  0|AC  0|TAMS 0x00000006cc500000, 0x00000006cc500000|
| 172|0x00000006cc600000, 0x00000006cc600000, 0x00000006cc700000|  0%| F|  |TS  0|AC  0|TAMS 0x00000006cc600000, 0x00000006cc600000|
| 173|0x00000006cc700000, 0x00000006cc700000, 0x00000006cc800000|  0%| F|  |TS  0|AC  0|TAMS 0x00000006cc700000, 0x00000006cc700000|
| 174|0x00000006cc800000, 0x00000006cc800000, 0x00000006cc900000|  0%| F|  |TS  0|AC  0|TAMS 0x00000006cc800000, 0x00000006cc800000|
| 175|0x00000006cc900000, 0x00000006cc900000, 0x00000006cca00000|  0%| F|  |TS  0|AC  0|TAMS 0x00000006cc900000, 0x00000006cc900000|
| 176|0x00000006cca00000, 0x00000006cca00000, 0x00000006ccb00000|  0%| F|  |TS  0|AC  0|TAMS 0x00000006cca00000, 0x00000006cca00000|
| 177|0x00000006ccb00000, 0x00000006ccb00000, 0x00000006ccc00000|  0%| F|  |TS  0|AC  0|TAMS 0x00000006ccb00000, 0x00000006ccb00000|
| 178|0x00000006ccc00000, 0x00000006ccc00000, 0x00000006ccd00000|  0%| F|  |TS  0|AC  0|TAMS 0x00000006ccc00000, 0x00000006ccc00000|
| 179|0x00000006ccd00000, 0x00000006ccd00000, 0x00000006cce00000|  0%| F|  |TS  0|AC  0|TAMS 0x00000006ccd00000, 0x00000006ccd00000|
| 180|0x00000006cce00000, 0x00000006cce00000, 0x00000006ccf00000|  0%| F|  |TS  0|AC  0|TAMS 0x00000006cce00000, 0x00000006cce00000|
| 181|0x00000006ccf00000, 0x00000006ccf00000, 0x00000006cd000000|  0%| F|  |TS  0|AC  0|TAMS 0x00000006ccf00000, 0x00000006ccf00000|
| 182|0x00000006cd000000, 0x00000006cd000000, 0x00000006cd100000|  0%| F|  |TS  0|AC  0|TAMS 0x00000006cd000000, 0x00000006cd000000|
| 183|0x00000006cd100000, 0x00000006cd100000, 0x00000006cd200000|  0%| F|  |TS  0|AC  0|TAMS 0x00000006cd100000, 0x00000006cd100000|
| 184|0x00000006cd200000, 0x00000006cd200000, 0x00000006cd300000|  0%| F|  |TS  0|AC  0|TAMS 0x00000006cd200000, 0x00000006cd200000|
| 185|0x00000006cd300000, 0x00000006cd300000, 0x00000006cd400000|  0%| F|  |TS  0|AC  0|TAMS 0x00000006cd300000, 0x00000006cd300000|
| 186|0x00000006cd400000, 0x00000006cd400000, 0x00000006cd500000|  0%| F|  |TS  0|AC  0|TAMS 0x00000006cd400000, 0x00000006cd400000|
| 187|0x00000006cd500000, 0x00000006cd500000, 0x00000006cd600000|  0%| F|  |TS  0|AC  0|TAMS 0x00000006cd500000, 0x00000006cd500000|
| 188|0x00000006cd600000, 0x00000006cd600000, 0x00000006cd700000|  0%| F|  |TS  0|AC  0|TAMS 0x00000006cd600000, 0x00000006cd600000|
| 189|0x00000006cd700000, 0x00000006cd700000, 0x00000006cd800000|  0%| F|  |TS  0|AC  0|TAMS 0x00000006cd700000, 0x00000006cd700000|
| 190|0x00000006cd800000, 0x00000006cd800000, 0x00000006cd900000|  0%| F|  |TS  0|AC  0|TAMS 0x00000006cd800000, 0x00000006cd800000|
| 191|0x00000006cd900000, 0x00000006cd900000, 0x00000006cda00000|  0%| F|  |TS  0|AC  0|TAMS 0x00000006cd900000, 0x00000006cd900000|
| 192|0x00000006cda00000, 0x00000006cda00000, 0x00000006cdb00000|  0%| F|  |TS  0|AC  0|TAMS 0x00000006cda00000, 0x00000006cda00000|
| 193|0x00000006cdb00000, 0x00000006cdb00000, 0x00000006cdc00000|  0%| F|  |TS  0|AC  0|TAMS 0x00000006cdb00000, 0x00000006cdb00000|
| 194|0x00000006cdc00000, 0x00000006cdc00000, 0x00000006cdd00000|  0%| F|  |TS  0|AC  0|TAMS 0x00000006cdc00000, 0x00000006cdc00000|
| 195|0x00000006cdd00000, 0x00000006cdd00000, 0x00000006cde00000|  0%| F|  |TS  0|AC  0|TAMS 0x00000006cdd00000, 0x00000006cdd00000|
| 196|0x00000006cde00000, 0x00000006cde00000, 0x00000006cdf00000|  0%| F|  |TS  0|AC  0|TAMS 0x00000006cde00000, 0x00000006cde00000|
| 197|0x00000006cdf00000, 0x00000006cdf00000, 0x00000006ce000000|  0%| F|  |TS  0|AC  0|TAMS 0x00000006cdf00000, 0x00000006cdf00000|
| 198|0x00000006ce000000, 0x00000006ce000000, 0x00000006ce100000|  0%| F|  |TS  0|AC  0|TAMS 0x00000006ce000000, 0x00000006ce000000|
| 199|0x00000006ce100000, 0x00000006ce100000, 0x00000006ce200000|  0%| F|  |TS  0|AC  0|TAMS 0x00000006ce100000, 0x00000006ce100000|
| 200|0x00000006ce200000, 0x00000006ce200000, 0x00000006ce300000|  0%| F|  |TS  0|AC  0|TAMS 0x00000006ce200000, 0x00000006ce200000|
| 201|0x00000006ce300000, 0x00000006ce300000, 0x00000006ce400000|  0%| F|  |TS  0|AC  0|TAMS 0x00000006ce300000, 0x00000006ce300000|
| 202|0x00000006ce400000, 0x00000006ce400000, 0x00000006ce500000|  0%| F|  |TS  0|AC  0|TAMS 0x00000006ce400000, 0x00000006ce400000|
| 203|0x00000006ce500000, 0x00000006ce500000, 0x00000006ce600000|  0%| F|  |TS  0|AC  0|TAMS 0x00000006ce500000, 0x00000006ce500000|
| 204|0x00000006ce600000, 0x00000006ce600000, 0x00000006ce700000|  0%| F|  |TS  0|AC  0|TAMS 0x00000006ce600000, 0x00000006ce600000|
| 205|0x00000006ce700000, 0x00000006ce700000, 0x00000006ce800000|  0%| F|  |TS  0|AC  0|TAMS 0x00000006ce700000, 0x00000006ce700000|
| 206|0x00000006ce800000, 0x00000006ce800000, 0x00000006ce900000|  0%| F|  |TS  0|AC  0|TAMS 0x00000006ce800000, 0x00000006ce800000|
| 207|0x00000006ce900000, 0x00000006ce900000, 0x00000006cea00000|  0%| F|  |TS  0|AC  0|TAMS 0x00000006ce900000, 0x00000006ce900000|
| 208|0x00000006cea00000, 0x00000006cea00000, 0x00000006ceb00000|  0%| F|  |TS  0|AC  0|TAMS 0x00000006cea00000, 0x00000006cea00000|
| 209|0x00000006ceb00000, 0x00000006ceb00000, 0x00000006cec00000|  0%| F|  |TS  0|AC  0|TAMS 0x00000006ceb00000, 0x00000006ceb00000|
| 210|0x00000006cec00000, 0x00000006cec00000, 0x00000006ced00000|  0%| F|  |TS  0|AC  0|TAMS 0x00000006cec00000, 0x00000006cec00000|
| 211|0x00000006ced00000, 0x00000006ced00000, 0x00000006cee00000|  0%| F|  |TS  0|AC  0|TAMS 0x00000006ced00000, 0x00000006ced00000|
| 212|0x00000006cee00000, 0x00000006cee00000, 0x00000006cef00000|  0%| F|  |TS  0|AC  0|TAMS 0x00000006cee00000, 0x00000006cee00000|
| 213|0x00000006cef00000, 0x00000006cef00000, 0x00000006cf000000|  0%| F|  |TS  0|AC  0|TAMS 0x00000006cef00000, 0x00000006cef00000|
| 214|0x00000006cf000000, 0x00000006cf000000, 0x00000006cf100000|  0%| F|  |TS  0|AC  0|TAMS 0x00000006cf000000, 0x00000006cf000000|
| 215|0x00000006cf100000, 0x00000006cf100000, 0x00000006cf200000|  0%| F|  |TS  0|AC  0|TAMS 0x00000006cf100000, 0x00000006cf100000|
| 216|0x00000006cf200000, 0x00000006cf200000, 0x00000006cf300000|  0%| F|  |TS  0|AC  0|TAMS 0x00000006cf200000, 0x00000006cf200000|
| 217|0x00000006cf300000, 0x00000006cf300000, 0x00000006cf400000|  0%| F|  |TS  0|AC  0|TAMS 0x00000006cf300000, 0x00000006cf300000|
| 218|0x00000006cf400000, 0x00000006cf400000, 0x00000006cf500000|  0%| F|  |TS  0|AC  0|TAMS 0x00000006cf400000, 0x00000006cf400000|
| 219|0x00000006cf500000, 0x00000006cf500000, 0x00000006cf600000|  0%| F|  |TS  0|AC  0|TAMS 0x00000006cf500000, 0x00000006cf500000|
| 220|0x00000006cf600000, 0x00000006cf600000, 0x00000006cf700000|  0%| F|  |TS  0|AC  0|TAMS 0x00000006cf600000, 0x00000006cf600000|
| 221|0x00000006cf700000, 0x00000006cf700000, 0x00000006cf800000|  0%| F|  |TS  0|AC  0|TAMS 0x00000006cf700000, 0x00000006cf700000|
| 222|0x00000006cf800000, 0x00000006cf800000, 0x00000006cf900000|  0%| F|  |TS  0|AC  0|TAMS 0x00000006cf800000, 0x00000006cf800000|
| 223|0x00000006cf900000, 0x00000006cf900000, 0x00000006cfa00000|  0%| F|  |TS  0|AC  0|TAMS 0x00000006cf900000, 0x00000006cf900000|
| 224|0x00000006cfa00000, 0x00000006cfa00000, 0x00000006cfb00000|  0%| F|  |TS  0|AC  0|TAMS 0x00000006cfa00000, 0x00000006cfa00000|
| 225|0x00000006cfb00000, 0x00000006cfb00000, 0x00000006cfc00000|  0%| F|  |TS  0|AC  0|TAMS 0x00000006cfb00000, 0x00000006cfb00000|
| 226|0x00000006cfc00000, 0x00000006cfc00000, 0x00000006cfd00000|  0%| F|  |TS  0|AC  0|TAMS 0x00000006cfc00000, 0x00000006cfc00000|
| 227|0x00000006cfd00000, 0x00000006cfd00000, 0x00000006cfe00000|  0%| F|  |TS  0|AC  0|TAMS 0x00000006cfd00000, 0x00000006cfd00000|
| 228|0x00000006cfe00000, 0x00000006cfe00000, 0x00000006cff00000|  0%| F|  |TS  0|AC  0|TAMS 0x00000006cfe00000, 0x00000006cfe00000|
| 229|0x00000006cff00000, 0x00000006cff00000, 0x00000006d0000000|  0%| F|  |TS  0|AC  0|TAMS 0x00000006cff00000, 0x00000006cff00000|
| 230|0x00000006d0000000, 0x00000006d0000000, 0x00000006d0100000|  0%| F|  |TS  0|AC  0|TAMS 0x00000006d0000000, 0x00000006d0000000|
| 231|0x00000006d0100000, 0x00000006d0100000, 0x00000006d0200000|  0%| F|  |TS  0|AC  0|TAMS 0x00000006d0100000, 0x00000006d0100000|
| 232|0x00000006d0200000, 0x00000006d0200000, 0x00000006d0300000|  0%| F|  |TS  0|AC  0|TAMS 0x00000006d0200000, 0x00000006d0200000|
| 233|0x00000006d0300000, 0x00000006d0300000, 0x00000006d0400000|  0%| F|  |TS  0|AC  0|TAMS 0x00000006d0300000, 0x00000006d0300000|
| 234|0x00000006d0400000, 0x00000006d0400000, 0x00000006d0500000|  0%| F|  |TS  0|AC  0|TAMS 0x00000006d0400000, 0x00000006d0400000|
| 235|0x00000006d0500000, 0x00000006d0500000, 0x00000006d0600000|  0%| F|  |TS  0|AC  0|TAMS 0x00000006d0500000, 0x00000006d0500000|
| 236|0x00000006d0600000, 0x00000006d0600000, 0x00000006d0700000|  0%| F|  |TS  0|AC  0|TAMS 0x00000006d0600000, 0x00000006d0600000|
| 237|0x00000006d0700000, 0x00000006d0700000, 0x00000006d0800000|  0%| F|  |TS  0|AC  0|TAMS 0x00000006d0700000, 0x00000006d0700000|
| 238|0x00000006d0800000, 0x00000006d0800000, 0x00000006d0900000|  0%| F|  |TS  0|AC  0|TAMS 0x00000006d0800000, 0x00000006d0800000|
| 239|0x00000006d0900000, 0x00000006d0900000, 0x00000006d0a00000|  0%| F|  |TS  0|AC  0|TAMS 0x00000006d0900000, 0x00000006d0900000|
| 240|0x00000006d0a00000, 0x00000006d0a00000, 0x00000006d0b00000|  0%| F|  |TS  0|AC  0|TAMS 0x00000006d0a00000, 0x00000006d0a00000|
| 241|0x00000006d0b00000, 0x00000006d0b00000, 0x00000006d0c00000|  0%| F|  |TS  0|AC  0|TAMS 0x00000006d0b00000, 0x00000006d0b00000|
| 242|0x00000006d0c00000, 0x00000006d0c00000, 0x00000006d0d00000|  0%| F|  |TS  0|AC  0|TAMS 0x00000006d0c00000, 0x00000006d0c00000|
| 243|0x00000006d0d00000, 0x00000006d0d00000, 0x00000006d0e00000|  0%| F|  |TS  0|AC  0|TAMS 0x00000006d0d00000, 0x00000006d0d00000|
| 244|0x00000006d0e00000, 0x00000006d0e00000, 0x00000006d0f00000|  0%| F|  |TS  0|AC  0|TAMS 0x00000006d0e00000, 0x00000006d0e00000|
| 245|0x00000006d0f00000, 0x00000006d0f00000, 0x00000006d1000000|  0%| F|  |TS  0|AC  0|TAMS 0x00000006d0f00000, 0x00000006d0f00000|
| 246|0x00000006d1000000, 0x00000006d1000000, 0x00000006d1100000|  0%| F|  |TS  0|AC  0|TAMS 0x00000006d1000000, 0x00000006d1000000|
| 247|0x00000006d1100000, 0x00000006d1100000, 0x00000006d1200000|  0%| F|  |TS  0|AC  0|TAMS 0x00000006d1100000, 0x00000006d1100000|
| 248|0x00000006d1200000, 0x00000006d1200000, 0x00000006d1300000|  0%| F|  |TS  0|AC  0|TAMS 0x00000006d1200000, 0x00000006d1200000|
| 249|0x00000006d1300000, 0x00000006d1300000, 0x00000006d1400000|  0%| F|  |TS  0|AC  0|TAMS 0x00000006d1300000, 0x00000006d1300000|
| 250|0x00000006d1400000, 0x00000006d1400000, 0x00000006d1500000|  0%| F|  |TS  0|AC  0|TAMS 0x00000006d1400000, 0x00000006d1400000|
| 251|0x00000006d1500000, 0x00000006d15d3e00, 0x00000006d1600000| 82%| E|  |TS  0|AC  0|TAMS 0x00000006d1500000, 0x00000006d1500000|
| 252|0x00000006d1600000, 0x00000006d1700000, 0x00000006d1700000|100%| E|CS|TS  0|AC  0|TAMS 0x00000006d1600000, 0x00000006d1600000|
| 253|0x00000006d1700000, 0x00000006d176b820, 0x00000006d1800000| 41%| S|CS|TS  0|AC  0|TAMS 0x00000006d1700000, 0x00000006d1700000|
| 254|0x00000006d1800000, 0x00000006d1900000, 0x00000006d1900000|100%| E|CS|TS  0|AC  0|TAMS 0x00000006d1800000, 0x00000006d1800000|
| 255|0x00000006d1900000, 0x00000006d1a00000, 0x00000006d1a00000|100%| E|CS|TS  0|AC  0|TAMS 0x00000006d1900000, 0x00000006d1900000|

Card table byte_map: [0x000001daf3ce0000,0x000001daf44e0000] byte_map_base: 0x000001daf06d3000

Marking Bits (Prev, Next): (CMBitMap*) 0x000001dafcca8418, (CMBitMap*) 0x000001dafcca83e0
 Prev Bits: [0x000001daf8c80000, 0x000001dafcc18000)
 Next Bits: [0x000001daf4ce0000, 0x000001daf8c78000)

Polling page: 0x000001dae98b0000

CodeHeap 'non-profiled nmethods': size=120000Kb used=871Kb max_used=871Kb free=119128Kb
 bounds [0x000001da87ad0000, 0x000001da87d40000, 0x000001da8f000000]
CodeHeap 'profiled nmethods': size=120000Kb used=3619Kb max_used=3619Kb free=116381Kb
 bounds [0x000001da805a0000, 0x000001da80930000, 0x000001da87ad0000]
CodeHeap 'non-nmethods': size=5760Kb used=1357Kb max_used=1415Kb free=4402Kb
 bounds [0x000001da80000000, 0x000001da80270000, 0x000001da805a0000]
 total_blobs=3189 nmethods=1959 adapters=716
 compilation: enabled

Compilation events (10 events):
Event: 5.838 Thread 0x000001da8f0f2000 1788       3       com.sun.org.apache.xerces.internal.impl.XMLEntityScanner::checkBeforeLoad (140 bytes)
Event: 5.839 Thread 0x000001da8f0f2000 nmethod 1788 0x000001da808bf210 code [0x000001da808bf420, 0x000001da808bf9e0]
Event: 5.839 Thread 0x000001da8f0f2000 1789       3       java.lang.String::regionMatches (187 bytes)
Event: 5.840 Thread 0x000001da8f0f2000 nmethod 1789 0x000001da808bfb90 code [0x000001da808bfe00, 0x000001da808c0ab8]
Event: 5.840 Thread 0x000001da8f0f2000 1790       3       java.lang.reflect.Modifier::isAbstract (14 bytes)
Event: 5.840 Thread 0x000001da8f0f2000 nmethod 1790 0x000001da808c0f10 code [0x000001da808c10c0, 0x000001da808c1258]
Event: 5.840 Thread 0x000001da8f0f2000 1791       3       javafx.beans.property.ReadOnlyObjectProperty::<init> (5 bytes)
Event: 5.841 Thread 0x000001da8f0f2000 nmethod 1791 0x000001da808c1310 code [0x000001da808c14e0, 0x000001da808c16f8]
Event: 5.841 Thread 0x000001da8f0f2000 1792       3       javafx.beans.binding.ObjectExpression::<init> (5 bytes)
Event: 5.841 Thread 0x000001da8f0f2000 nmethod 1792 0x000001da808c1810 code [0x000001da808c19c0, 0x000001da808c1b78]

GC Heap History (4 events):
Event: 5.663 GC heap before
{Heap before GC invocations=0 (full 0):
 garbage-first heap   total 262144K, used 26624K [0x00000006c1a00000, 0x00000007c0000000)
  region size 1024K, 24 young (24576K), 0 survivors (0K)
 Metaspace       used 19977K, capacity 20576K, committed 20736K, reserved 1067008K
  class space    used 2444K, capacity 2754K, committed 2816K, reserved 1048576K
}
Event: 5.670 GC heap after
{Heap after GC invocations=1 (full 0):
 garbage-first heap   total 262144K, used 8210K [0x00000006c1a00000, 0x00000007c0000000)
  region size 1024K, 3 young (3072K), 3 survivors (3072K)
 Metaspace       used 19977K, capacity 20576K, committed 20736K, reserved 1067008K
  class space    used 2444K, capacity 2754K, committed 2816K, reserved 1048576K
}
Event: 5.842 GC heap before
{Heap before GC invocations=1 (full 0):
 garbage-first heap   total 262144K, used 9234K [0x00000006c1a00000, 0x00000007c0000000)
  region size 1024K, 5 young (5120K), 3 survivors (3072K)
 Metaspace       used 20669K, capacity 21198K, committed 21296K, reserved 1067008K
  class space    used 2561K, capacity 2853K, committed 2864K, reserved 1048576K
}
Event: 5.847 GC heap after
{Heap after GC invocations=2 (full 0):
 garbage-first heap   total 262144K, used 9082K [0x00000006c1a00000, 0x00000007c0000000)
  region size 1024K, 1 young (1024K), 1 survivors (1024K)
 Metaspace       used 20669K, capacity 21198K, committed 21296K, reserved 1067008K
  class space    used 2561K, capacity 2853K, committed 2864K, reserved 1048576K
}

Deoptimization events (10 events):
Event: 1.921 Thread 0x000001da8f7a0800 Uncommon trap: reason=unstable_if action=reinterpret pc=0x000001da87b17ee0 method=jdk.internal.org.objectweb.asm.Type.getArgumentsAndReturnSizes(Ljava/lang/String;)I @ 47 c2
Event: 5.622 Thread 0x000001da8f7a0800 Uncommon trap: reason=bimorphic_or_optimized_type_check action=maybe_recompile pc=0x000001da87b12150 method=java.util.concurrent.ConcurrentHashMap.get(Ljava/lang/Object;)Ljava/lang/Object; @ 149 c2
Event: 5.630 Thread 0x000001da8f7a0800 Uncommon trap: reason=unstable_if action=reinterpret pc=0x000001da87afe0b8 method=java.lang.AbstractStringBuilder.putStringAt(ILjava/lang/String;)V @ 8 c2
Event: 5.630 Thread 0x000001da8f7a0800 Uncommon trap: reason=unstable_if action=reinterpret pc=0x000001da87af90c4 method=java.lang.AbstractStringBuilder.putStringAt(ILjava/lang/String;)V @ 8 c2
Event: 5.630 Thread 0x000001da8f7a0800 Uncommon trap: reason=unstable_if action=reinterpret pc=0x000001da87af0278 method=java.lang.AbstractStringBuilder.isLatin1()Z @ 10 c2
Event: 5.630 Thread 0x000001da8f7a0800 Uncommon trap: reason=unstable_if action=reinterpret pc=0x000001da87af65f0 method=java.lang.String.getBytes([BIB)V @ 5 c2
Event: 5.630 Thread 0x000001da8f7a0800 Uncommon trap: reason=unstable_if action=reinterpret pc=0x000001da87b3906c method=java.lang.AbstractStringBuilder.isLatin1()Z @ 10 c2
Event: 5.684 Thread 0x000001da8f7a0800 Uncommon trap: reason=unstable_if action=reinterpret pc=0x000001da87b11fe0 method=java.util.concurrent.ConcurrentHashMap.get(Ljava/lang/Object;)Ljava/lang/Object; @ 76 c2
Event: 5.695 Thread 0x000001da8f7a0800 Uncommon trap: reason=unstable_if action=reinterpret pc=0x000001da87b12d60 method=java.lang.String.regionMatches(ILjava/lang/String;II)Z @ 32 c2
Event: 5.695 Thread 0x000001da8f7a0800 Uncommon trap: reason=unstable_if action=reinterpret pc=0x000001da87b40688 method=java.lang.ref.ReferenceQueue.poll()Ljava/lang/ref/Reference; @ 4 c2

Classes redefined (0 events):
No events

Internal exceptions (10 events):
Event: 1.921 Thread 0x000001da8f7a0800 Exception <a 'java/lang/NoSuchMethodError'{0x00000006d0575ab8}: method resolution failed> (0x00000006d0575ab8) thrown at [t:/workspace/open/src/hotspot/share/prims/methodHandles.cpp, line 1226]
Event: 1.921 Thread 0x000001da8f7a0800 Exception <a 'java/lang/NoSuchMethodError'{0x00000006d0578c00}: java.lang.invoke.DirectMethodHandle$Holder.invokeStaticInit(Ljava/lang/Object;Ljava/lang/Object;Ljava/lang/Object;)J> (0x00000006d0578c00) thrown at [t:/workspace/open/src/hotspot/share/inter
Event: 1.923 Thread 0x000001da8f7a0800 Exception <a 'java/lang/NoSuchMethodError'{0x00000006d0310958}: method resolution failed> (0x00000006d0310958) thrown at [t:/workspace/open/src/hotspot/share/prims/methodHandles.cpp, line 1226]
Event: 1.923 Thread 0x000001da8f7a0800 Exception <a 'java/lang/NoSuchMethodError'{0x00000006d0316940}: java.lang.invoke.DirectMethodHandle$Holder.invokeStatic(Ljava/lang/Object;Ljava/lang/Object;J)Ljava/lang/Object;> (0x00000006d0316940) thrown at [t:/workspace/open/src/hotspot/share/interpret
Event: 1.923 Thread 0x000001da8f7a0800 Exception <a 'java/lang/NoSuchMethodError'{0x00000006d0319dc0}: method resolution failed> (0x00000006d0319dc0) thrown at [t:/workspace/open/src/hotspot/share/prims/methodHandles.cpp, line 1226]
Event: 5.620 Thread 0x000001da8f7a0800 Exception <a 'java/lang/NoSuchMethodError'{0x00000006d0342740}: java.lang.Object.lambda$negate$3(I)Z> (0x00000006d0342740) thrown at [t:/workspace/open/src/hotspot/share/interpreter/linkResolver.cpp, line 741]
Event: 5.620 Thread 0x000001da8f7a0800 Exception <a 'java/lang/NoSuchMethodError'{0x00000006d0345800}: java.lang.Object.lambda$and$0(Ljava/util/regex/Pattern$CharPredicate;I)Z> (0x00000006d0345800) thrown at [t:/workspace/open/src/hotspot/share/interpreter/linkResolver.cpp, line 741]
Event: 5.694 Thread 0x000001da8f7a0800 Exception <a 'java/lang/ClassNotFoundException'{0x00000006d183f930}: sun/awt/resources/spi/awtProvider> (0x00000006d183f930) thrown at [t:/workspace/open/src/hotspot/share/classfile/systemDictionary.cpp, line 233]
Event: 5.696 Thread 0x000001da8f7a0800 Exception <a 'java/io/FileNotFoundException'{0x00000006d18457c0}> (0x00000006d18457c0) thrown at [t:/workspace/open/src/hotspot/share/prims/jni.cpp, line 611]
Event: 5.696 Thread 0x000001da8f7a0800 Exception <a 'java/io/FileNotFoundException'{0x00000006d1849b20}> (0x00000006d1849b20) thrown at [t:/workspace/open/src/hotspot/share/prims/jni.cpp, line 611]

Events (10 events):
Event: 5.836 loading class autotracking/AutoTrackListener
Event: 5.836 loading class autotracking/AutoTrackListener done
Event: 5.837 Executing VM operation: RevokeBias
Event: 5.837 Executing VM operation: RevokeBias done
Event: 5.837 Executing VM operation: RevokeBias
Event: 5.837 Executing VM operation: RevokeBias done
Event: 5.837 Executing VM operation: RevokeBias
Event: 5.837 Executing VM operation: RevokeBias done
Event: 5.842 Executing VM operation: CollectForMetadataAllocation
Event: 5.847 Executing VM operation: CollectForMetadataAllocation done


Dynamic libraries:
0x00007ff7b44f0000 - 0x00007ff7b452e000 	C:\Program Files\Java\jre-10.0.2\bin\javaw.exe
0x00007ffc6a1c0000 - 0x00007ffc6a3a1000 	C:\WINDOWS\SYSTEM32\ntdll.dll
0x00007ffc69400000 - 0x00007ffc694b2000 	C:\WINDOWS\System32\KERNEL32.DLL
0x00007ffc66830000 - 0x00007ffc66aa3000 	C:\WINDOWS\System32\KERNELBASE.dll
0x00007ffc68c70000 - 0x00007ffc68d11000 	C:\WINDOWS\System32\ADVAPI32.dll
0x00007ffc6a0f0000 - 0x00007ffc6a18e000 	C:\WINDOWS\System32\msvcrt.dll
0x00007ffc677d0000 - 0x00007ffc6782b000 	C:\WINDOWS\System32\sechost.dll
0x00007ffc69ef0000 - 0x00007ffc6a014000 	C:\WINDOWS\System32\RPCRT4.dll
0x00007ffc69250000 - 0x00007ffc693e0000 	C:\WINDOWS\System32\USER32.dll
0x00007ffc66690000 - 0x00007ffc666b0000 	C:\WINDOWS\System32\win32u.dll
0x00007ffc6a020000 - 0x00007ffc6a048000 	C:\WINDOWS\System32\GDI32.dll
0x00007ffc66cf0000 - 0x00007ffc66e82000 	C:\WINDOWS\System32\gdi32full.dll
0x00007ffc665f0000 - 0x00007ffc6668f000 	C:\WINDOWS\System32\msvcp_win.dll
0x00007ffc666b0000 - 0x00007ffc667aa000 	C:\WINDOWS\System32\ucrtbase.dll
0x00007ffc5ae30000 - 0x00007ffc5b099000 	C:\WINDOWS\WinSxS\amd64_microsoft.windows.common-controls_6595b64144ccf1df_6.0.17134.345_none_fb429a5930656358\COMCTL32.dll
0x00007ffc68f20000 - 0x00007ffc69243000 	C:\WINDOWS\System32\combase.dll
0x00007ffc667b0000 - 0x00007ffc6682a000 	C:\WINDOWS\System32\bcryptPrimitives.dll
0x00007ffc5c5c0000 - 0x00007ffc5c5ca000 	C:\WINDOWS\SYSTEM32\VERSION.dll
0x00007ffc69980000 - 0x00007ffc699ad000 	C:\WINDOWS\System32\IMM32.DLL
0x00007ffc54420000 - 0x00007ffc5450f000 	C:\Program Files\Java\jre-10.0.2\bin\msvcr120.dll
0x00007ffc5eb90000 - 0x00007ffc5ec36000 	C:\Program Files\Java\jre-10.0.2\bin\msvcp120.dll
0x000000005f570000 - 0x000000005ffe0000 	C:\Program Files\Java\jre-10.0.2\bin\server\jvm.dll
0x00007ffc693f0000 - 0x00007ffc693f8000 	C:\WINDOWS\System32\PSAPI.DLL
0x00007ffc61f60000 - 0x00007ffc61f69000 	C:\WINDOWS\SYSTEM32\WSOCK32.dll
0x00007ffc694c0000 - 0x00007ffc6952c000 	C:\WINDOWS\System32\WS2_32.dll
0x00007ffc5cf00000 - 0x00007ffc5cf23000 	C:\WINDOWS\SYSTEM32\WINMM.dll
0x00007ffc5ccf0000 - 0x00007ffc5cd1a000 	C:\WINDOWS\SYSTEM32\WINMMBASE.dll
0x00007ffc66ca0000 - 0x00007ffc66ce9000 	C:\WINDOWS\System32\cfgmgr32.dll
0x00007ffc61f50000 - 0x00007ffc61f5f000 	C:\Program Files\Java\jre-10.0.2\bin\verify.dll
0x00007ffc609f0000 - 0x00007ffc60bb9000 	C:\WINDOWS\SYSTEM32\DBGHELP.DLL
0x00007ffc607f0000 - 0x00007ffc60819000 	C:\WINDOWS\SYSTEM32\dbgcore.DLL
0x00007ffc5f9c0000 - 0x00007ffc5f9e7000 	C:\Program Files\Java\jre-10.0.2\bin\java.dll
0x00007ffc5f9a0000 - 0x00007ffc5f9b6000 	C:\Program Files\Java\jre-10.0.2\bin\zip.dll
0x00007ffc61f30000 - 0x00007ffc61f3a000 	C:\Program Files\Java\jre-10.0.2\bin\jimage.dll
0x00007ffc67830000 - 0x00007ffc68c6f000 	C:\WINDOWS\System32\SHELL32.dll
0x00007ffc69e40000 - 0x00007ffc69ee9000 	C:\WINDOWS\System32\shcore.dll
0x00007ffc66f40000 - 0x00007ffc6764d000 	C:\WINDOWS\System32\windows.storage.dll
0x00007ffc69cb0000 - 0x00007ffc69d01000 	C:\WINDOWS\System32\shlwapi.dll
0x00007ffc66570000 - 0x00007ffc66581000 	C:\WINDOWS\System32\kernel.appcore.dll
0x00007ffc66500000 - 0x00007ffc6651f000 	C:\WINDOWS\System32\profapi.dll
0x00007ffc66520000 - 0x00007ffc6656c000 	C:\WINDOWS\System32\powrprof.dll
0x00007ffc664f0000 - 0x00007ffc664fa000 	C:\WINDOWS\System32\FLTLIB.DLL
0x000001daeb940000 - 0x000001daeb943000 	C:\Program Files\Java\jre-10.0.2\bin\api-ms-win-core-console-l1-1-0.dll
0x000001daeb950000 - 0x000001daeb953000 	C:\Program Files\Java\jre-10.0.2\bin\api-ms-win-core-datetime-l1-1-0.dll
0x000001daeb960000 - 0x000001daeb963000 	C:\Program Files\Java\jre-10.0.2\bin\api-ms-win-core-debug-l1-1-0.dll
0x000001daeb970000 - 0x000001daeb973000 	C:\Program Files\Java\jre-10.0.2\bin\api-ms-win-core-errorhandling-l1-1-0.dll
0x000001daeb980000 - 0x000001daeb984000 	C:\Program Files\Java\jre-10.0.2\bin\api-ms-win-core-file-l1-1-0.dll
0x000001daeb990000 - 0x000001daeb993000 	C:\Program Files\Java\jre-10.0.2\bin\api-ms-win-core-file-l1-2-0.dll
0x000001daeb9a0000 - 0x000001daeb9a3000 	C:\Program Files\Java\jre-10.0.2\bin\api-ms-win-core-file-l2-1-0.dll
0x000001daeb9b0000 - 0x000001daeb9b3000 	C:\Program Files\Java\jre-10.0.2\bin\api-ms-win-core-handle-l1-1-0.dll
0x000001daeb9c0000 - 0x000001daeb9c3000 	C:\Program Files\Java\jre-10.0.2\bin\api-ms-win-core-heap-l1-1-0.dll
0x000001daeb9d0000 - 0x000001daeb9d3000 	C:\Program Files\Java\jre-10.0.2\bin\api-ms-win-core-interlocked-l1-1-0.dll
0x000001dafffa0000 - 0x000001dafffa3000 	C:\Program Files\Java\jre-10.0.2\bin\api-ms-win-core-libraryloader-l1-1-0.dll
0x000001dafffb0000 - 0x000001dafffb3000 	C:\Program Files\Java\jre-10.0.2\bin\api-ms-win-core-localization-l1-2-0.dll
0x000001dafffc0000 - 0x000001dafffc3000 	C:\Program Files\Java\jre-10.0.2\bin\api-ms-win-core-memory-l1-1-0.dll
0x000001dafffd0000 - 0x000001dafffd3000 	C:\Program Files\Java\jre-10.0.2\bin\api-ms-win-core-namedpipe-l1-1-0.dll
0x000001dafffe0000 - 0x000001dafffe3000 	C:\Program Files\Java\jre-10.0.2\bin\api-ms-win-core-processenvironment-l1-1-0.dll
0x000001daffff0000 - 0x000001daffff3000 	C:\Program Files\Java\jre-10.0.2\bin\api-ms-win-core-processthreads-l1-1-0.dll
0x000001da8fdf0000 - 0x000001da8fdf3000 	C:\Program Files\Java\jre-10.0.2\bin\api-ms-win-core-processthreads-l1-1-1.dll
0x000001da8fe00000 - 0x000001da8fe03000 	C:\Program Files\Java\jre-10.0.2\bin\api-ms-win-core-profile-l1-1-0.dll
0x000001da8fe10000 - 0x000001da8fe13000 	C:\Program Files\Java\jre-10.0.2\bin\api-ms-win-core-rtlsupport-l1-1-0.dll
0x000001da8fe20000 - 0x000001da8fe23000 	C:\Program Files\Java\jre-10.0.2\bin\api-ms-win-core-string-l1-1-0.dll
0x000001da8fe30000 - 0x000001da8fe33000 	C:\Program Files\Java\jre-10.0.2\bin\api-ms-win-core-synch-l1-1-0.dll
0x000001da8fe40000 - 0x000001da8fe43000 	C:\Program Files\Java\jre-10.0.2\bin\api-ms-win-core-synch-l1-2-0.dll
0x000001da8fe50000 - 0x000001da8fe53000 	C:\Program Files\Java\jre-10.0.2\bin\api-ms-win-core-sysinfo-l1-1-0.dll
0x000001da8fe60000 - 0x000001da8fe63000 	C:\Program Files\Java\jre-10.0.2\bin\api-ms-win-core-timezone-l1-1-0.dll
0x000001da8fe70000 - 0x000001da8fe73000 	C:\Program Files\Java\jre-10.0.2\bin\api-ms-win-core-util-l1-1-0.dll
0x000001da8fe80000 - 0x000001da8fe83000 	C:\Program Files\Java\jre-10.0.2\bin\api-ms-win-crt-conio-l1-1-0.dll
0x000001da8fe90000 - 0x000001da8fe94000 	C:\Program Files\Java\jre-10.0.2\bin\api-ms-win-crt-convert-l1-1-0.dll
0x000001da8fea0000 - 0x000001da8fea3000 	C:\Program Files\Java\jre-10.0.2\bin\api-ms-win-crt-environment-l1-1-0.dll
0x000001da8feb0000 - 0x000001da8feb3000 	C:\Program Files\Java\jre-10.0.2\bin\api-ms-win-crt-filesystem-l1-1-0.dll
0x000001da8fec0000 - 0x000001da8fec3000 	C:\Program Files\Java\jre-10.0.2\bin\api-ms-win-crt-heap-l1-1-0.dll
0x000001da8fed0000 - 0x000001da8fed3000 	C:\Program Files\Java\jre-10.0.2\bin\api-ms-win-crt-locale-l1-1-0.dll
0x000001da8fee0000 - 0x000001da8fee5000 	C:\Program Files\Java\jre-10.0.2\bin\api-ms-win-crt-math-l1-1-0.dll
0x000001da8fef0000 - 0x000001da8fef5000 	C:\Program Files\Java\jre-10.0.2\bin\api-ms-win-crt-multibyte-l1-1-0.dll
0x000001da8ff00000 - 0x000001da8ff10000 	C:\Program Files\Java\jre-10.0.2\bin\api-ms-win-crt-private-l1-1-0.dll
0x000001da8ff10000 - 0x000001da8ff13000 	C:\Program Files\Java\jre-10.0.2\bin\api-ms-win-crt-process-l1-1-0.dll
0x000001da8ff20000 - 0x000001da8ff24000 	C:\Program Files\Java\jre-10.0.2\bin\api-ms-win-crt-runtime-l1-1-0.dll
0x000001da8ff30000 - 0x000001da8ff34000 	C:\Program Files\Java\jre-10.0.2\bin\api-ms-win-crt-stdio-l1-1-0.dll
0x000001da8ff40000 - 0x000001da8ff44000 	C:\Program Files\Java\jre-10.0.2\bin\api-ms-win-crt-string-l1-1-0.dll
0x000001da8ff50000 - 0x000001da8ff53000 	C:\Program Files\Java\jre-10.0.2\bin\api-ms-win-crt-time-l1-1-0.dll
0x000001da8ff60000 - 0x000001da8ff63000 	C:\Program Files\Java\jre-10.0.2\bin\api-ms-win-crt-utility-l1-1-0.dll
0x00007ffc53830000 - 0x00007ffc53926000 	C:\Program Files\Java\jre-10.0.2\bin\ucrtbase.dll
0x00007ffc5ece0000 - 0x00007ffc5ecf6000 	C:\Program Files\Java\jre-10.0.2\bin\vcruntime140.dll
0x00007ffc5d5b0000 - 0x00007ffc5d64c000 	C:\Program Files\Java\jre-10.0.2\bin\msvcp140.dll
0x00007ffc58c00000 - 0x00007ffc58c51000 	C:\Program Files\Java\jre-10.0.2\bin\concrt140.dll
0x00007ffc5eb60000 - 0x00007ffc5eb83000 	C:\Program Files\Java\jre-10.0.2\bin\prism_d3d.dll
0x00007ffc24bd0000 - 0x00007ffc24d67000 	C:\WINDOWS\system32\d3d9.dll
0x00007ffc64eb0000 - 0x00007ffc64ed9000 	C:\WINDOWS\SYSTEM32\dwmapi.dll
0x00007ffc64b70000 - 0x00007ffc64c08000 	C:\WINDOWS\system32\uxtheme.dll
0x00007ffbe7f30000 - 0x00007ffbebc3b000 	C:\WINDOWS\System32\DriverStore\FileRepository\igdlh64.inf_amd64_2e329e8610bbb375\igdumdim64.dll
0x00007ffc69530000 - 0x00007ffc6997b000 	C:\WINDOWS\System32\SETUPAPI.dll
0x00007ffc699b0000 - 0x00007ffc69b01000 	C:\WINDOWS\System32\ole32.dll
0x00007ffc69d10000 - 0x00007ffc69dd2000 	C:\WINDOWS\System32\OLEAUT32.dll
0x00007ffc5d8b0000 - 0x00007ffc5d8fa000 	C:\Program Files\Java\jre-10.0.2\bin\glass.dll
0x00007ffc676e0000 - 0x00007ffc677cd000 	C:\WINDOWS\System32\COMDLG32.dll
0x00007ffc68d80000 - 0x00007ffc68ef4000 	C:\WINDOWS\System32\MSCTF.dll
0x00007ffc4dc40000 - 0x00007ffc4f24c000 	C:\WINDOWS\System32\DriverStore\FileRepository\igdlh64.inf_amd64_2e329e8610bbb375\igc64.dll
0x00007ffc5f920000 - 0x00007ffc5f93a000 	C:\Program Files\Java\jre-10.0.2\bin\net.dll
0x00007ffc60080000 - 0x00007ffc6015c000 	C:\WINDOWS\SYSTEM32\WINHTTP.dll
0x00007ffc65d50000 - 0x00007ffc65db6000 	C:\WINDOWS\system32\mswsock.dll
0x00007ffc5f5c0000 - 0x00007ffc5f5d1000 	C:\Program Files\Java\jre-10.0.2\bin\nio.dll
0x00007ffbf2f10000 - 0x00007ffbf5cc8000 	C:\opencv\build\java\x64\opencv_java343.dll
0x00007ffc5c310000 - 0x00007ffc5c339000 	C:\WINDOWS\SYSTEM32\MSVFW32.dll
0x00007ffc5bd60000 - 0x00007ffc5bd7f000 	C:\WINDOWS\SYSTEM32\AVIFIL32.dll
0x00007ffc5bd80000 - 0x00007ffc5bd98000 	C:\WINDOWS\SYSTEM32\AVICAP32.dll
0x00007ffc62410000 - 0x00007ffc625eb000 	C:\WINDOWS\SYSTEM32\MFPlat.DLL
0x00007ffc290c0000 - 0x00007ffc2913b000 	C:\WINDOWS\SYSTEM32\MF.dll
0x00007ffc1e4d0000 - 0x00007ffc1e5c8000 	C:\WINDOWS\SYSTEM32\MFReadWrite.dll
0x00007ffc62bf0000 - 0x00007ffc62efb000 	C:\WINDOWS\SYSTEM32\d3d11.dll
0x00007ffc2e340000 - 0x00007ffc2e35c000 	C:\WINDOWS\SYSTEM32\MSACM32.dll
0x00007ffc65290000 - 0x00007ffc6534b000 	C:\WINDOWS\SYSTEM32\dxgi.dll
0x00007ffc07cc0000 - 0x00007ffc080ee000 	C:\WINDOWS\SYSTEM32\MFCORE.DLL
0x00007ffc66ab0000 - 0x00007ffc66c92000 	C:\WINDOWS\System32\CRYPT32.dll
0x00007ffc664d0000 - 0x00007ffc664e2000 	C:\WINDOWS\System32\MSASN1.dll
0x00007ffc62070000 - 0x00007ffc62079000 	C:\WINDOWS\SYSTEM32\ksuser.dll
0x00007ffc66030000 - 0x00007ffc66055000 	C:\WINDOWS\SYSTEM32\bcrypt.dll
0x00007ffc65f20000 - 0x00007ffc65f2b000 	C:\WINDOWS\SYSTEM32\CRYPTBASE.DLL
0x00007ffc62320000 - 0x00007ffc6234e000 	C:\WINDOWS\SYSTEM32\RTWorkQ.DLL
0x00007ffc558e0000 - 0x00007ffc558f4000 	C:\Program Files\Java\jre-10.0.2\bin\javafx_font.dll
0x00007ffc53390000 - 0x00007ffc5352b000 	C:\Program Files\Java\jre-10.0.2\bin\awt.dll
0x00007ffc62f00000 - 0x00007ffc634c7000 	C:\WINDOWS\SYSTEM32\d2d1.dll
0x00007ffc641f0000 - 0x00007ffc6427b000 	C:\WINDOWS\SYSTEM32\apphelp.dll
0x00007ffc54290000 - 0x00007ffc542f5000 	C:\Program Files\Java\jre-10.0.2\bin\fontmanager.dll
0x00007ffc4d850000 - 0x00007ffc4db6c000 	C:\WINDOWS\SYSTEM32\dwrite.dll
0x00007ffc6a050000 - 0x00007ffc6a0f0000 	C:\WINDOWS\System32\clbcatq.dll
0x00007ffc64800000 - 0x00007ffc649ae000 	C:\WINDOWS\SYSTEM32\WindowsCodecs.dll
0x00007ffc40630000 - 0x00007ffc40688000 	C:\WINDOWS\system32\dataexchange.dll

dbghelp: loaded successfully - version: 4.0.5 - missing functions: none
symbol engine: initialized successfully - sym options: 0x614 - pdb path: .;C:\Program Files\Java\jre-10.0.2\bin;C:\WINDOWS\SYSTEM32;C:\WINDOWS\WinSxS\amd64_microsoft.windows.common-controls_6595b64144ccf1df_6.0.17134.345_none_fb429a5930656358;C:\Program Files\Java\jre-10.0.2\bin\server;C:\WINDOWS\System32\DriverStore\FileRepository\igdlh64.inf_amd64_2e329e8610bbb375;C:\opencv\build\java\x64;C:\Program Files\Common Files\Microsoft Shared\Ink;C:\Users\wesle\AppData\Local\Microsoft\OneDrive\18.192.0920.0012\amd64;C:\Program Files (x86)\Microsoft Office\root\VFS\ProgramFilesX64\Microsoft Office\Office16;C:\Program Files (x86)\Microsoft Office\root\VFS\ProgramFilesX64\Microsoft Office\Office16\1033

VM Arguments:
jvm_args: -Djava.library.path=C:\opencv\build\java\x64 -Dfile.encoding=Cp1252 
java_command: application.Main
java_class_path (initial): C:\git\DowitcherRepo\ProjectDowitcher\bin;C:\opencv\build\java\opencv-343.jar;C:\Users\wesle\.p2\pool\plugins\org.junit.jupiter.api_5.1.0.v20180327-1502.jar;C:\Users\wesle\.p2\pool\plugins\org.junit.jupiter.engine_5.1.0.v20180327-1502.jar;C:\Users\wesle\.p2\pool\plugins\org.junit.jupiter.migrationsupport_5.1.0.v20180327-1502.jar;C:\Users\wesle\.p2\pool\plugins\org.junit.jupiter.params_5.1.0.v20180327-1502.jar;C:\Users\wesle\.p2\pool\plugins\org.junit.platform.commons_1.1.0.v20180327-1502.jar;C:\Users\wesle\.p2\pool\plugins\org.junit.platform.engine_1.1.0.v20180327-1502.jar;C:\Users\wesle\.p2\pool\plugins\org.junit.platform.launcher_1.1.0.v20180327-1502.jar;C:\Users\wesle\.p2\pool\plugins\org.junit.platform.runner_1.1.0.v20180327-1502.jar;C:\Users\wesle\.p2\pool\plugins\org.junit.platform.suite.api_1.1.0.v20180327-1502.jar;C:\Users\wesle\.p2\pool\plugins\org.junit.vintage.engine_5.1.0.v20180327-1502.jar;C:\Users\wesle\.p2\pool\plugins\org.opentest4j_1.0.0.v20180327-1502.jar;C:\Users\wesle\.p2\pool\plugins\org.apiguardian_1.0.0.v20180327-1502.jar;C:\Users\wesle\.p2\pool\plugins\org.junit_4.12.0.v201504281640\junit.jar;C:\Users\wesle\.p2\pool\plugins\org.hamcrest.core_1.3.0.v20180420-1519.jar;C:\git\DowitcherRepo\ProjectDowitcher\lib\gson-2.8.5.jar
Launcher Type: SUN_STANDARD

Logging:
Log output configuration:
#0: stdout all=warning uptime,level,tags
#1: stderr all=off uptime,level,tags

Environment Variables:
PATH=C:\Program Files (x86)\Common Files\Oracle\Java\javapath;C:\ProgramData\Oracle\Java\javapath;C:\Program Files (x86)\Razer Chroma SDK\bin;C:\Program Files\Razer Chroma SDK\bin;C:\Program Files (x86)\Intel\iCLS Client\;C:\Program Files\Intel\iCLS Client\;C:\Windows\system32;C:\Windows;C:\Windows\System32\Wbem;C:\Windows\System32\WindowsPowerShell\v1.0\;C:\Program Files (x86)\Intel\Intel(R) Management Engine Components\DAL;C:\Program Files\Intel\Intel(R) Management Engine Components\DAL;C:\Program Files (x86)\Intel\Intel(R) Management Engine Components\IPT;C:\Program Files\Intel\Intel(R) Management Engine Components\IPT;C:\Program Files (x86)\NVIDIA Corporation\PhysX\Common;C:\Users\Administrator\AppData\Local\Microsoft\WindowsApps;C:\WINDOWS\system32;C:\WINDOWS;C:\WINDOWS\System32\Wbem;C:\WINDOWS\System32\WindowsPowerShell\v1.0\;C:\WINDOWS\System32\OpenSSH\;C:\Program Files\Git\cmd;C:\Users\wesle\AppData\Local\Microsoft\WindowsApps;
USERNAME=wesle
OS=Windows_NT
PROCESSOR_IDENTIFIER=Intel64 Family 6 Model 158 Stepping 9, GenuineIntel



---------------  S Y S T E M  ---------------

OS: Windows 10 , 64 bit Build 17134 (10.0.17134.1)

CPU:total 8 (initial active 8) (4 cores per cpu, 2 threads per core) family 6 model 158 stepping 9, cmov, cx8, fxsr, mmx, sse, sse2, sse3, ssse3, sse4.1, sse4.2, popcnt, avx, avx2, aes, clmul, erms, 3dnowpref, lzcnt, ht, tsc, tscinvbit, bmi1, bmi2, adx, fma

Memory: 4k page, physical 16665720k(9446372k free), swap 19156088k(8776268k free)

vm_info: Java HotSpot(TM) 64-Bit Server VM (10.0.2+13) for windows-amd64 JRE (10.0.2+13), built on Jun 28 2018 01:57:56 by "mach5one" with MS VC++ 12.0 (VS2013)

END.
